0 info it worked if it ends with ok
1 verbose cli [ '/usr/local/bin/node',
1 verbose cli   '/usr/local/bin/npm',
1 verbose cli   'install',
1 verbose cli   '-g',
1 verbose cli   'PHP_CodeSniffer' ]
2 info using npm@3.3.6
3 info using node@v5.0.0
4 silly loadCurrentTree Starting
5 silly install loadCurrentTree
6 silly install readGlobalPackageData
7 silly fetchPackageMetaData PHP_CodeSniffer
8 silly fetchNamedPackageData PHP_CodeSniffer
9 silly mapToRegistry name PHP_CodeSniffer
10 silly mapToRegistry using default registry
11 silly mapToRegistry registry https://registry.npmjs.org/
12 silly mapToRegistry uri https://registry.npmjs.org/PHP_CodeSniffer
13 verbose request uri https://registry.npmjs.org/PHP_CodeSniffer
14 verbose request no auth needed
15 info attempt registry request try #1 at 12:00:57 PM
16 verbose request id 64a92a073a7506ec
17 http request GET https://registry.npmjs.org/PHP_CodeSniffer
18 http 404 https://registry.npmjs.org/PHP_CodeSniffer
19 verbose headers { 'content-type': 'application/json',
19 verbose headers   'cache-control': 'max-age=0',
19 verbose headers   'content-length': '2',
19 verbose headers   'accept-ranges': 'bytes',
19 verbose headers   date: 'Sun, 22 May 2016 11:00:19 GMT',
19 verbose headers   via: '1.1 varnish',
19 verbose headers   age: '0',
19 verbose headers   connection: 'keep-alive',
19 verbose headers   'x-served-by': 'cache-ams4134-AMS',
19 verbose headers   'x-cache': 'MISS',
19 verbose headers   'x-cache-hits': '0',
19 verbose headers   'x-timer': 'S1463914819.041197,VS0,VE720',
19 verbose headers   vary: 'Accept-Encoding' }
20 silly get cb [ 404,
20 silly get   { 'content-type': 'application/json',
20 silly get     'cache-control': 'max-age=0',
20 silly get     'content-length': '2',
20 silly get     'accept-ranges': 'bytes',
20 silly get     date: 'Sun, 22 May 2016 11:00:19 GMT',
20 silly get     via: '1.1 varnish',
20 silly get     age: '0',
20 silly get     connection: 'keep-alive',
20 silly get     'x-served-by': 'cache-ams4134-AMS',
20 silly get     'x-cache': 'MISS',
20 silly get     'x-cache-hits': '0',
20 silly get     'x-timer': 'S1463914819.041197,VS0,VE720',
20 silly get     vary: 'Accept-Encoding' } ]
21 silly fetchPackageMetaData Error: Registry returned 404 for GET on https://registry.npmjs.org/PHP_CodeSniffer
21 silly fetchPackageMetaData     at makeError (/usr/local/lib/node_modules/npm/node_modules/npm-registry-client/lib/request.js:264:12)
21 silly fetchPackageMetaData     at CachingRegistryClient.<anonymous> (/usr/local/lib/node_modules/npm/node_modules/npm-registry-client/lib/request.js:242:14)
21 silly fetchPackageMetaData     at Request._callback (/usr/local/lib/node_modules/npm/node_modules/npm-registry-client/lib/request.js:172:14)
21 silly fetchPackageMetaData     at Request.self.callback (/usr/local/lib/node_modules/npm/node_modules/request/request.js:198:22)
21 silly fetchPackageMetaData     at emitTwo (events.js:87:13)
21 silly fetchPackageMetaData     at Request.emit (events.js:172:7)
21 silly fetchPackageMetaData     at Request.<anonymous> (/usr/local/lib/node_modules/npm/node_modules/request/request.js:1063:14)
21 silly fetchPackageMetaData     at emitOne (events.js:82:20)
21 silly fetchPackageMetaData     at Request.emit (events.js:169:7)
21 silly fetchPackageMetaData     at IncomingMessage.<anonymous> (/usr/local/lib/node_modules/npm/node_modules/request/request.js:1009:12)
21 silly fetchPackageMetaData  error for PHP_CodeSniffer { [Error: Registry returned 404 for GET on https://registry.npmjs.org/PHP_CodeSniffer] pkgid: 'PHP_CodeSniffer', statusCode: 404, code: 'E404' }
22 silly rollbackFailedOptional Starting
23 silly rollbackFailedOptional Finishing
24 silly runTopLevelLifecycles Starting
25 silly runTopLevelLifecycles Finishing
26 silly install printInstalled
27 verbose stack Error: Registry returned 404 for GET on https://registry.npmjs.org/PHP_CodeSniffer
27 verbose stack     at makeError (/usr/local/lib/node_modules/npm/node_modules/npm-registry-client/lib/request.js:264:12)
27 verbose stack     at CachingRegistryClient.<anonymous> (/usr/local/lib/node_modules/npm/node_modules/npm-registry-client/lib/request.js:242:14)
27 verbose stack     at Request._callback (/usr/local/lib/node_modules/npm/node_modules/npm-registry-client/lib/request.js:172:14)
27 verbose stack     at Request.self.callback (/usr/local/lib/node_modules/npm/node_modules/request/request.js:198:22)
27 verbose stack     at emitTwo (events.js:87:13)
27 verbose stack     at Request.emit (events.js:172:7)
27 verbose stack     at Request.<anonymous> (/usr/local/lib/node_modules/npm/node_modules/request/request.js:1063:14)
27 verbose stack     at emitOne (events.js:82:20)
27 verbose stack     at Request.emit (events.js:169:7)
27 verbose stack     at IncomingMessage.<anonymous> (/usr/local/lib/node_modules/npm/node_modules/request/request.js:1009:12)
28 verbose statusCode 404
29 verbose pkgid PHP_CodeSniffer
30 verbose cwd /Users/peter/Code/peterbailey.dev
31 error Darwin 15.4.0
32 error argv "/usr/local/bin/node" "/usr/local/bin/npm" "install" "-g" "PHP_CodeSniffer"
33 error node v5.0.0
34 error npm  v3.3.6
35 error code E404
36 error 404 Registry returned 404 for GET on https://registry.npmjs.org/PHP_CodeSniffer
36 error 404
36 error 404 'PHP_CodeSniffer' is not in the npm registry.
36 error 404 Your package name is not valid, because
36 error 404
36 error 404  1. name can no longer contain capital letters
36 error 404
36 error 404 Note that you can also install from a
36 error 404 tarball, folder, http url, or git url.
37 verbose exit [ 1, true ]
